<?xml version="1.0" encoding="UTF-8"?>
<!-- Generated by org.testng.reporters.JUnitReportReporter -->
<testsuite skipped="0" hostname="LGDN-Com20-1782" name="com.auto.test.browser.GoogleTests" tests="1" failures="0" timestamp="2023-03-09T10:42:55 ICT" time="0.292" errors="0">
  <testcase name="TestCase" time="0.292" classname="com.auto.test.browser.GoogleTests"/>
  <system-out/>
</testsuite> <!-- com.auto.test.browser.GoogleTests -->
